<?xml version="1.0" encoding="UTF-8"?>
<!-- Generated by org.testng.reporters.JUnitXMLReporter -->
<testsuite hostname="Desktop" ignored="0" name="Default test" tests="8" failures="0" timestamp="15 Jul 2019 11:50:29 GMT" time="57.4" errors="0">
  <testcase name="loginTitleTest" time="0.016" classname="com.qa.x2crm.test.LoginPageTest"/>
  <testcase name="verifyLogoTest" time="0.086" classname="com.qa.x2crm.test.LoginPageTest"/>
  <testcase name="VerifyLoginTest" time="0.276" classname="com.qa.x2crm.test.LoginPageTest"/>
  <testcase name="LoginPageDataTest" time="0.261" classname="com.qa.x2crm.test.LoginPageTest"/>
  <testcase name="LoginPageDataTest" time="0.253" classname="com.qa.x2crm.test.LoginPageTest"/>
  <testcase name="InvalidUserNameTest" time="1.408" classname="com.qa.x2crm.test.LoginPageTest"/>
  <testcase name="InvalidpasswordNameTest" time="1.528" classname="com.qa.x2crm.test.LoginPageTest"/>
  <testcase name="blankuserpasswordTest" time="0.947" classname="com.qa.x2crm.test.LoginPageTest"/>
</testsuite> <!-- Default test -->
